\BOOKMARK [0][-]{section*.2}{Turning Experimental Procedures into Machine-Readable Recipes}{}% 2
\BOOKMARK [1][-]{section*.1}{Abstract}{section*.2}% 1
\BOOKMARK [1][-]{section*.3}{Introduction}{section*.2}% 3
\BOOKMARK [1][-]{section*.4}{Design}{section*.2}% 4
\BOOKMARK [2][-]{section*.5}{Overall Model}{section*.4}% 5
\BOOKMARK [2][-]{section*.6}{Experimental Label Tagging and Move Training Set}{section*.4}% 6
\BOOKMARK [2][-]{section*.7}{Max Entropy Tagging Classifier}{section*.4}% 7
\BOOKMARK [3][-]{section*.8}{Description}{section*.7}% 8
\BOOKMARK [3][-]{section*.9}{Training}{section*.7}% 9
\BOOKMARK [3][-]{section*.10}{Prediction}{section*.7}% 10
\BOOKMARK [2][-]{section*.11}{Grouper and Step Sorter}{section*.4}% 11
\BOOKMARK [2][-]{section*.12}{Step-Level Dependency Parser}{section*.4}% 12
\BOOKMARK [3][-]{section*.13}{Description}{section*.12}% 13
\BOOKMARK [3][-]{section*.14}{Training}{section*.12}% 14
\BOOKMARK [3][-]{section*.15}{Prediction}{section*.12}% 15
\BOOKMARK [2][-]{section*.16}{Recipe-Level Dependency Parser}{section*.4}% 16
\BOOKMARK [3][-]{section*.17}{Description}{section*.16}% 17
\BOOKMARK [3][-]{section*.18}{Training}{section*.16}% 18
\BOOKMARK [3][-]{section*.19}{Prediction}{section*.16}% 19
\BOOKMARK [2][-]{section*.20}{Recipe Generation}{section*.4}% 20
\BOOKMARK [1][-]{section*.21}{Result and Evaluation}{section*.2}% 21
\BOOKMARK [1][-]{section*.22}{Discussion and Future Work}{section*.2}% 22
\BOOKMARK [1][-]{section*.23}{References}{section*.2}% 23
